Copyright 1986-2015 Xilinx, Inc. All Rights Reserved.
-----------------------------------------------------------------------------------------------
| Tool Version : Vivado v.2015.4 (win64) Build 1412921 Wed Nov 18 09:43:45 MST 2015
| Date         : Tue Mar 29 10:43:02 2016
| Host         : Sphinx running 64-bit Service Pack 1  (build 7601)
| Command      : report_utilization -file ./xsadd_rand_gen_artix7_l02.rpt -cells [get_cells U]
| Design       : SAMPLE
| Device       : 7a15tcsg324-3
| Design State : Routed
-----------------------------------------------------------------------------------------------

Utilization Design Information

Table of Contents
-----------------
1. Slice Logic
1.1 Summary of Registers by Type
2. Slice Logic Distribution
3. Memory
4. DSP
5. IO and GT Specific
6. Clocking
7. Specific Feature
8. Primitives
9. Black Boxes
10. Instantiated Netlists

1. Slice Logic
--------------

+-------------------------+------+-------+-----------+-------+
|        Site Type        | Used | Fixed | Available | Util% |
+-------------------------+------+-------+-----------+-------+
| Slice LUTs              |  162 |     0 |     10400 |  1.56 |
|   LUT as Logic          |  162 |     0 |     10400 |  1.56 |
|   LUT as Memory         |    0 |     0 |      9600 |  0.00 |
| Slice Registers         |  258 |     0 |     20800 |  1.24 |
|   Register as Flip Flop |  258 |     0 |     20800 |  1.24 |
|   Register as Latch     |    0 |     0 |     20800 |  0.00 |
| F7 Muxes                |    0 |     0 |     16300 |  0.00 |
| F8 Muxes                |    0 |     0 |      8150 |  0.00 |
+-------------------------+------+-------+-----------+-------+


1.1 Summary of Registers by Type
--------------------------------

+-------+--------------+-------------+--------------+
| Total | Clock Enable | Synchronous | Asynchronous |
+-------+--------------+-------------+--------------+
| 0     |            _ |           - |            - |
| 0     |            _ |           - |          Set |
| 0     |            _ |           - |        Reset |
| 0     |            _ |         Set |            - |
| 0     |            _ |       Reset |            - |
| 0     |          Yes |           - |            - |
| 89    |          Yes |           - |          Set |
| 169   |          Yes |           - |        Reset |
| 0     |          Yes |         Set |            - |
| 0     |          Yes |       Reset |            - |
+-------+--------------+-------------+--------------+


2. Slice Logic Distribution
---------------------------

+-------------------------------------------------------------+---------+-------+-----------+-------+
|                          Site Type                          |   Used  | Fixed | Available | Util% |
+-------------------------------------------------------------+---------+-------+-----------+-------+
| Slice                                                       |      49 |     0 |      8150 |  0.60 |
|   SLICEL                                                    |      42 |     0 |           |       |
|   SLICEM                                                    |       7 |     0 |           |       |
| LUT as Logic                                                |     162 |     0 |     10400 |  1.56 |
|   using O5 output only                                      |       0 |       |           |       |
|   using O6 output only                                      |     162 |       |           |       |
|   using O5 and O6                                           |       0 |       |           |       |
| LUT as Memory                                               |       0 |     0 |      9600 |  0.00 |
|   LUT as Distributed RAM                                    |       0 |     0 |           |       |
|   LUT as Shift Register                                     |       0 |     0 |           |       |
| LUT Flip Flop Pairs                                         |     186 |     0 |     10400 |  1.79 |
|   fully used LUT-FF pairs                                   |     125 |       |           |       |
|   LUT-FF pairs with unused LUT                              |      24 |       |           |       |
|   LUT-FF pairs with unused Flip Flop                        |      37 |       |           |       |
| Unique Control Sets                                         |       2 |       |           |       |
| Minimum number of registers lost to control set restriction | 6(Lost) |       |           |       |
+-------------------------------------------------------------+---------+-------+-----------+-------+


3. Memory
---------

+----------------+------+-------+-----------+-------+
|    Site Type   | Used | Fixed | Available | Util% |
+----------------+------+-------+-----------+-------+
| Block RAM Tile |    0 |     0 |        25 |  0.00 |
|   RAMB36/FIFO* |    0 |     0 |        25 |  0.00 |
|   RAMB18       |    0 |     0 |        50 |  0.00 |
+----------------+------+-------+-----------+-------+
* Note: Each Block RAM Tile only has one FIFO logic available and therefore can accommodate only one FIFO36E1 or one FIFO18E1. However, if a FIFO18E1 occupies a Block RAM Tile, that tile can still accommodate a RAMB18E1


4. DSP
------

+-----------+------+-------+-----------+-------+
| Site Type | Used | Fixed | Available | Util% |
+-----------+------+-------+-----------+-------+
| DSPs      |    0 |     0 |        45 |  0.00 |
+-----------+------+-------+-----------+-------+


5. IO and GT Specific
---------------------

+-----------------------------+------+-------+-----------+-------+
|          Site Type          | Used | Fixed | Available | Util% |
+-----------------------------+------+-------+-----------+-------+
| Bonded IOB                  |    0 |     0 |       210 |  0.00 |
| Bonded IPADs                |    0 |     0 |         2 |  0.00 |
| PHY_CONTROL                 |    0 |     0 |         5 |  0.00 |
| PHASER_REF                  |    0 |     0 |         5 |  0.00 |
| OUT_FIFO                    |    0 |     0 |        20 |  0.00 |
| IN_FIFO                     |    0 |     0 |        20 |  0.00 |
| IDELAYCTRL                  |    0 |     0 |         5 |  0.00 |
| IBUFGDS                     |    0 |     0 |       202 |  0.00 |
| PHASER_OUT/PHASER_OUT_PHY   |    0 |     0 |        20 |  0.00 |
| PHASER_IN/PHASER_IN_PHY     |    0 |     0 |        20 |  0.00 |
| IDELAYE2/IDELAYE2_FINEDELAY |    0 |     0 |       250 |  0.00 |
| IBUFDS_GTE2                 |    0 |     0 |         2 |  0.00 |
| ILOGIC                      |    0 |     0 |       210 |  0.00 |
| OLOGIC                      |    0 |     0 |       210 |  0.00 |
+-----------------------------+------+-------+-----------+-------+


6. Clocking
-----------

+------------+------+-------+-----------+-------+
|  Site Type | Used | Fixed | Available | Util% |
+------------+------+-------+-----------+-------+
| BUFGCTRL   |    0 |     0 |        32 |  0.00 |
| BUFIO      |    0 |     0 |        20 |  0.00 |
| MMCME2_ADV |    0 |     0 |         5 |  0.00 |
| PLLE2_ADV  |    0 |     0 |         5 |  0.00 |
| BUFMRCE    |    0 |     0 |        10 |  0.00 |
| BUFHCE     |    0 |     0 |        72 |  0.00 |
| BUFR       |    0 |     0 |        20 |  0.00 |
+------------+------+-------+-----------+-------+


7. Specific Feature
-------------------

+-------------+------+-------+-----------+-------+
|  Site Type  | Used | Fixed | Available | Util% |
+-------------+------+-------+-----------+-------+
| BSCANE2     |    0 |     0 |         4 |  0.00 |
| CAPTUREE2   |    0 |     0 |         1 |  0.00 |
| DNA_PORT    |    0 |     0 |         1 |  0.00 |
| EFUSE_USR   |    0 |     0 |         1 |  0.00 |
| FRAME_ECCE2 |    0 |     0 |         1 |  0.00 |
| ICAPE2      |    0 |     0 |         2 |  0.00 |
| PCIE_2_1    |    0 |     0 |         1 |  0.00 |
| STARTUPE2   |    0 |     0 |         1 |  0.00 |
| XADC        |    0 |     0 |         1 |  0.00 |
+-------------+------+-------+-----------+-------+


8. Primitives
-------------

+----------+------+---------------------+
| Ref Name | Used | Functional Category |
+----------+------+---------------------+
| FDCE     |  169 |        Flop & Latch |
| FDPE     |   89 |        Flop & Latch |
| LUT2     |   66 |                 LUT |
| LUT3     |   40 |                 LUT |
| LUT4     |   37 |                 LUT |
| CARRY4   |   16 |          CarryLogic |
| LUT5     |   13 |                 LUT |
| LUT6     |    6 |                 LUT |
+----------+------+---------------------+


9. Black Boxes
--------------

+----------+------+
| Ref Name | Used |
+----------+------+


10. Instantiated Netlists
-------------------------

+----------+------+
| Ref Name | Used |
+----------+------+


Copyright 1986-2015 Xilinx, Inc. All Rights Reserved.
------------------------------------------------------------------------------------
| Tool Version : Vivado v.2015.4 (win64) Build 1412921 Wed Nov 18 09:43:45 MST 2015
| Date         : Tue Mar 29 10:43:42 2016
| Host         : Sphinx running 64-bit Service Pack 1  (build 7601)
| Command      : report_timing -file ./xsadd_rand_gen_artix7_l02.rpt -append
| Design       : SAMPLE
| Device       : 7a15t-csg324
| Speed File   : -3  PRODUCTION 1.14 2014-09-11
------------------------------------------------------------------------------------

Timing Report

Slack (MET) :             1.448ns  (required time - arrival time)
  Source:                 U/curr_status_reg[1][status][3][0]/C
                            (rising edge-triggered cell FDCE clocked by CLK  {rise@0.000ns fall@2.000ns period=4.000ns})
  Destination:            U/random_number_reg[1][31]/D
                            (rising edge-triggered cell FDCE clocked by CLK  {rise@0.000ns fall@2.000ns period=4.000ns})
  Path Group:             CLK
  Path Type:              Setup (Max at Slow Process Corner)
  Requirement:            4.000ns  (CLK rise@4.000ns - CLK rise@0.000ns)
  Data Path Delay:        2.531ns  (logic 1.601ns (63.264%)  route 0.930ns (36.736%))
  Logic Levels:           9  (CARRY4=8 LUT2=1)
  Clock Path Skew:        -0.042ns (DCD - SCD + CPR)
    Destination Clock Delay (DCD):    3.363ns = ( 7.363 - 4.000 ) 
    Source Clock Delay      (SCD):    3.681ns
    Clock Pessimism Removal (CPR):    0.276ns
  Clock Uncertainty:      0.035ns  ((TSJ^2 + TIJ^2)^1/2 + DJ) / 2 + PE
    Total System Jitter     (TSJ):    0.071ns
    Total Input Jitter      (TIJ):    0.000ns
    Discrete Jitter          (DJ):    0.000ns
    Phase Error              (PE):    0.000ns

    Location             Delay type                Incr(ns)  Path(ns)    Netlist Resource(s)
  -------------------------------------------------------------------    -------------------
                         (clock CLK rise edge)        0.000     0.000 r  
    N15                                               0.000     0.000 r  CLK (IN)
                         net (fo=0)                   0.000     0.000    CLK
    N15                  IBUF (Prop_ibuf_I_O)         0.811     0.811 r  CLK_IBUF_inst/O
                         net (fo=1, routed)           1.502     2.313    CLK_IBUF
    BUFGCTRL_X0Y0        BUFG (Prop_bufg_I_O)         0.076     2.389 r  CLK_IBUF_BUFG_inst/O
                         net (fo=322, routed)         1.292     3.681    U/CLK
    SLICE_X4Y17          FDCE                                         r  U/curr_status_reg[1][status][3][0]/C
  -------------------------------------------------------------------    -------------------
    SLICE_X4Y17          FDCE (Prop_fdce_C_Q)         0.341     4.022 r  U/curr_status_reg[1][status][3][0]/Q
                         net (fo=6, routed)           0.930     4.951    U/R12_in[11]
    SLICE_X3Y14          LUT2 (Prop_lut2_I0_O)        0.097     5.048 r  U/random_number[1][3]_i_5/O
                         net (fo=1, routed)           0.000     5.048    U/random_number[1][3]_i_5_n_0
    SLICE_X3Y14          CARRY4 (Prop_carry4_S[0]_CO[3])
                                                      0.395     5.443 r  U/random_number_reg[1][3]_i_1/CO[3]
                         net (fo=1, routed)           0.000     5.443    U/random_number_reg[1][3]_i_1_n_0
    SLICE_X3Y15          CARRY4 (Prop_carry4_CI_CO[3])
                                                      0.089     5.532 r  U/random_number_reg[1][7]_i_1/CO[3]
                         net (fo=1, routed)           0.000     5.532    U/random_number_reg[1][7]_i_1_n_0
    SLICE_X3Y16          CARRY4 (Prop_carry4_CI_CO[3])
                                                      0.089     5.621 r  U/random_number_reg[1][11]_i_1/CO[3]
                         net (fo=1, routed)           0.000     5.621    U/random_number_reg[1][11]_i_1_n_0
    SLICE_X3Y17          CARRY4 (Prop_carry4_CI_CO[3])
                                                      0.089     5.710 r  U/random_number_reg[1][15]_i_1/CO[3]
                         net (fo=1, routed)           0.000     5.710    U/random_number_reg[1][15]_i_1_n_0
    SLICE_X3Y18          CARRY4 (Prop_carry4_CI_CO[3])
                                                      0.089     5.799 r  U/random_number_reg[1][19]_i_1/CO[3]
                         net (fo=1, routed)           0.000     5.799    U/random_number_reg[1][19]_i_1_n_0
    SLICE_X3Y19          CARRY4 (Prop_carry4_CI_CO[3])
                                                      0.089     5.888 r  U/random_number_reg[1][23]_i_1/CO[3]
                         net (fo=1, routed)           0.000     5.888    U/random_number_reg[1][23]_i_1_n_0
    SLICE_X3Y20          CARRY4 (Prop_carry4_CI_CO[3])
                                                      0.089     5.977 r  U/random_number_reg[1][27]_i_1/CO[3]
                         net (fo=1, routed)           0.000     5.977    U/random_number_reg[1][27]_i_1_n_0
    SLICE_X3Y21          CARRY4 (Prop_carry4_CI_O[3])
                                                      0.234     6.211 r  U/random_number_reg[1][31]_i_1/O[3]
                         net (fo=1, routed)           0.000     6.211    U/GENERATE_TEMPER0_out[31]
    SLICE_X3Y21          FDCE                                         r  U/random_number_reg[1][31]/D
  -------------------------------------------------------------------    -------------------

                         (clock CLK rise edge)        4.000     4.000 r  
    N15                                               0.000     4.000 r  CLK (IN)
                         net (fo=0)                   0.000     4.000    CLK
    N15                  IBUF (Prop_ibuf_I_O)         0.680     4.680 r  CLK_IBUF_inst/O
                         net (fo=1, routed)           1.421     6.101    CLK_IBUF
    BUFGCTRL_X0Y0        BUFG (Prop_bufg_I_O)         0.072     6.173 r  CLK_IBUF_BUFG_inst/O
                         net (fo=322, routed)         1.190     7.363    U/CLK
    SLICE_X3Y21          FDCE                                         r  U/random_number_reg[1][31]/C
                         clock pessimism              0.276     7.639    
                         clock uncertainty           -0.035     7.603    
    SLICE_X3Y21          FDCE (Setup_fdce_C_D)        0.056     7.659    U/random_number_reg[1][31]
  -------------------------------------------------------------------
                         required time                          7.659    
                         arrival time                          -6.211    
  -------------------------------------------------------------------
                         slack                                  1.448    




